
============================================================
  Hyperparameter Tuning — FinalProject v2.0
  Models: ['SparseTSF']
  Dataset: ETTm2 (pred_len=96)
  GPU: 0
============================================================

============================================================
  Grid Search: SparseTSF
  Dataset: ETTm2 | 组合数: 3
  Fixed: {'seq_len': 96, 'pred_len': 96, 'learning_rate': 0.001, 'batch_size': 64, 'train_epochs': 30, 'patience': 5}
  Search: {'period_len': [12, 24, 48]}
============================================================

[1/3]
  >> SparseTSF | seq_len=96, pred_len=96, learning_rate=0.001, batch_size=64, train_epochs=30, patience=5, period_len=12
  [Preset] SparseTSF on ETTm2:
    d_model=512
    n_heads=8
    e_layers=1
    d_ff=2048
    dropout=0.0
    batch_size=64
  Model: SparseTSF, Params: 6,048
  [train] Dataset: ETTm2, samples=48585, shape=(48776, 7), text=False
  [val] Dataset: ETTm2, samples=10261, shape=(10452, 7), text=False
Epoch 1/30 | Train Loss: 20.514742 | Val Loss: 9.016898
  Validation loss decreased (inf -> 9.016898). Saving model...
Epoch 2/30 | Train Loss: 1.940524 | Val Loss: 0.431510
  Validation loss decreased (9.016898 -> 0.431510). Saving model...
Epoch 3/30 | Train Loss: 0.236013 | Val Loss: 0.204768
  Validation loss decreased (0.431510 -> 0.204768). Saving model...
Epoch 4/30 | Train Loss: 0.193088 | Val Loss: 0.199796
  Validation loss decreased (0.204768 -> 0.199796). Saving model...
Epoch 5/30 | Train Loss: 0.186383 | Val Loss: 0.192210
  Validation loss decreased (0.199796 -> 0.192210). Saving model...
Epoch 6/30 | Train Loss: 0.180602 | Val Loss: 0.187085
  Validation loss decreased (0.192210 -> 0.187085). Saving model...
Epoch 7/30 | Train Loss: 0.176045 | Val Loss: 0.182210
  Validation loss decreased (0.187085 -> 0.182210). Saving model...
Epoch 8/30 | Train Loss: 0.172732 | Val Loss: 0.180469
  Validation loss decreased (0.182210 -> 0.180469). Saving model...
Epoch 9/30 | Train Loss: 0.170160 | Val Loss: 0.179161
  Validation loss decreased (0.180469 -> 0.179161). Saving model...
Epoch 10/30 | Train Loss: 0.168255 | Val Loss: 0.176980
  Validation loss decreased (0.179161 -> 0.176980). Saving model...
Epoch 11/30 | Train Loss: 0.166804 | Val Loss: 0.174191
  Validation loss decreased (0.176980 -> 0.174191). Saving model...
Epoch 12/30 | Train Loss: 0.165807 | Val Loss: 0.175963
  EarlyStopping counter: 1 out of 5
Epoch 13/30 | Train Loss: 0.165116 | Val Loss: 0.178962
  EarlyStopping counter: 2 out of 5
Epoch 14/30 | Train Loss: 0.164695 | Val Loss: 0.173852
  Validation loss decreased (0.174191 -> 0.173852). Saving model...
Epoch 15/30 | Train Loss: 0.164344 | Val Loss: 0.173890
  EarlyStopping counter: 1 out of 5
Epoch 16/30 | Train Loss: 0.164180 | Val Loss: 0.174291
  EarlyStopping counter: 2 out of 5
Epoch 17/30 | Train Loss: 0.164003 | Val Loss: 0.173246
  Validation loss decreased (0.173852 -> 0.173246). Saving model...
Epoch 18/30 | Train Loss: 0.163950 | Val Loss: 0.175526
  EarlyStopping counter: 1 out of 5
Epoch 19/30 | Train Loss: 0.163919 | Val Loss: 0.175197
  EarlyStopping counter: 2 out of 5
Epoch 20/30 | Train Loss: 0.163861 | Val Loss: 0.174351
  EarlyStopping counter: 3 out of 5
Epoch 21/30 | Train Loss: 0.163757 | Val Loss: 0.174364
  EarlyStopping counter: 4 out of 5
Epoch 22/30 | Train Loss: 0.163785 | Val Loss: 0.174229
  EarlyStopping counter: 5 out of 5
  Early stopping at epoch 22
  [test] Dataset: ETTm2, samples=10261, shape=(10452, 7), text=False

  Test Results (SparseTSF on ETTm2, H=96, F=96):
    MSE=0.108694, MAE=0.229871, RMSE=0.329687, MAPE=153.1437%, SMAPE=65.2786%
    ★ New best! MSE=0.108694

[2/3]
  >> SparseTSF | seq_len=96, pred_len=96, learning_rate=0.001, batch_size=64, train_epochs=30, patience=5, period_len=24
  [Preset] SparseTSF on ETTm2:
    d_model=512
    n_heads=8
    e_layers=1
    d_ff=2048
    dropout=0.0
    batch_size=64
    period_len=24
  Model: SparseTSF, Params: 3,360
  [train] Dataset: ETTm2, samples=48585, shape=(48776, 7), text=False
  [val] Dataset: ETTm2, samples=10261, shape=(10452, 7), text=False
Epoch 1/30 | Train Loss: 3.619075 | Val Loss: 1.221826
  Validation loss decreased (inf -> 1.221826). Saving model...
Epoch 2/30 | Train Loss: 0.380531 | Val Loss: 0.215173
  Validation loss decreased (1.221826 -> 0.215173). Saving model...
Epoch 3/30 | Train Loss: 0.200201 | Val Loss: 0.205661
  Validation loss decreased (0.215173 -> 0.205661). Saving model...
Epoch 4/30 | Train Loss: 0.192604 | Val Loss: 0.199310
  Validation loss decreased (0.205661 -> 0.199310). Saving model...
Epoch 5/30 | Train Loss: 0.186837 | Val Loss: 0.194324
  Validation loss decreased (0.199310 -> 0.194324). Saving model...
Epoch 6/30 | Train Loss: 0.182438 | Val Loss: 0.190456
  Validation loss decreased (0.194324 -> 0.190456). Saving model...
Epoch 7/30 | Train Loss: 0.179548 | Val Loss: 0.190835
  EarlyStopping counter: 1 out of 5
Epoch 8/30 | Train Loss: 0.177680 | Val Loss: 0.188182
  Validation loss decreased (0.190456 -> 0.188182). Saving model...
Epoch 9/30 | Train Loss: 0.176487 | Val Loss: 0.186102
  Validation loss decreased (0.188182 -> 0.186102). Saving model...
Epoch 10/30 | Train Loss: 0.175580 | Val Loss: 0.187140
  EarlyStopping counter: 1 out of 5
Epoch 11/30 | Train Loss: 0.175329 | Val Loss: 0.187371
  EarlyStopping counter: 2 out of 5
Epoch 12/30 | Train Loss: 0.175058 | Val Loss: 0.185758
  Validation loss decreased (0.186102 -> 0.185758). Saving model...
Epoch 13/30 | Train Loss: 0.174914 | Val Loss: 0.185714
  Validation loss decreased (0.185758 -> 0.185714). Saving model...
Epoch 14/30 | Train Loss: 0.174793 | Val Loss: 0.185649
  Validation loss decreased (0.185714 -> 0.185649). Saving model...
Epoch 15/30 | Train Loss: 0.174784 | Val Loss: 0.188067
  EarlyStopping counter: 1 out of 5
Epoch 16/30 | Train Loss: 0.174719 | Val Loss: 0.186586
  EarlyStopping counter: 2 out of 5
Epoch 17/30 | Train Loss: 0.174722 | Val Loss: 0.186620
  EarlyStopping counter: 3 out of 5
Epoch 18/30 | Train Loss: 0.174701 | Val Loss: 0.185292
  Validation loss decreased (0.185649 -> 0.185292). Saving model...
Epoch 19/30 | Train Loss: 0.174675 | Val Loss: 0.186562
  EarlyStopping counter: 1 out of 5
Epoch 20/30 | Train Loss: 0.174653 | Val Loss: 0.187762
  EarlyStopping counter: 2 out of 5
Epoch 21/30 | Train Loss: 0.174705 | Val Loss: 0.187112
  EarlyStopping counter: 3 out of 5
Epoch 22/30 | Train Loss: 0.174671 | Val Loss: 0.187665
  EarlyStopping counter: 4 out of 5
Epoch 23/30 | Train Loss: 0.174691 | Val Loss: 0.185391
  EarlyStopping counter: 5 out of 5
  Early stopping at epoch 23
  [test] Dataset: ETTm2, samples=10261, shape=(10452, 7), text=False

  Test Results (SparseTSF on ETTm2, H=96, F=96):
    MSE=0.113538, MAE=0.237176, RMSE=0.336953, MAPE=158.7732%, SMAPE=66.7163%

[3/3]
  >> SparseTSF | seq_len=96, pred_len=96, learning_rate=0.001, batch_size=64, train_epochs=30, patience=5, period_len=48
  [Preset] SparseTSF on ETTm2:
    d_model=512
    n_heads=8
    e_layers=1
    d_ff=2048
    dropout=0.0
    batch_size=64
  Model: SparseTSF, Params: 2,016
  [train] Dataset: ETTm2, samples=48585, shape=(48776, 7), text=False
  [val] Dataset: ETTm2, samples=10261, shape=(10452, 7), text=False
Epoch 1/30 | Train Loss: 0.516359 | Val Loss: 0.235740
  Validation loss decreased (inf -> 0.235740). Saving model...
Epoch 2/30 | Train Loss: 0.211189 | Val Loss: 0.216095
  Validation loss decreased (0.235740 -> 0.216095). Saving model...
Epoch 3/30 | Train Loss: 0.204133 | Val Loss: 0.213621
  Validation loss decreased (0.216095 -> 0.213621). Saving model...
Epoch 4/30 | Train Loss: 0.200930 | Val Loss: 0.211005
  Validation loss decreased (0.213621 -> 0.211005). Saving model...
Epoch 5/30 | Train Loss: 0.199046 | Val Loss: 0.211250
  EarlyStopping counter: 1 out of 5
Epoch 6/30 | Train Loss: 0.198177 | Val Loss: 0.209632
  Validation loss decreased (0.211005 -> 0.209632). Saving model...
Epoch 7/30 | Train Loss: 0.197767 | Val Loss: 0.210365
  EarlyStopping counter: 1 out of 5
Epoch 8/30 | Train Loss: 0.197574 | Val Loss: 0.211643
  EarlyStopping counter: 2 out of 5
Epoch 9/30 | Train Loss: 0.197481 | Val Loss: 0.210893
  EarlyStopping counter: 3 out of 5
Epoch 10/30 | Train Loss: 0.197435 | Val Loss: 0.210475
  EarlyStopping counter: 4 out of 5
Epoch 11/30 | Train Loss: 0.197340 | Val Loss: 0.213404
  EarlyStopping counter: 5 out of 5
  Early stopping at epoch 11
  [test] Dataset: ETTm2, samples=10261, shape=(10452, 7), text=False

  Test Results (SparseTSF on ETTm2, H=96, F=96):
    MSE=0.126502, MAE=0.253110, RMSE=0.355672, MAPE=160.7921%, SMAPE=71.3987%

============================================================
  Grid Search 结果: SparseTSF
============================================================
  ★ #1: period_len=12  → MSE=0.108694, MAE=0.229871 [125s]
    #2: period_len=24  → MSE=0.113538, MAE=0.237176 [219s]
    #3: period_len=48  → MSE=0.126502, MAE=0.253110 [177s]

  Best config: {'seq_len': 96, 'pred_len': 96, 'learning_rate': 0.001, 'batch_size': 64, 'train_epochs': 30, 'patience': 5, 'period_len': 12}
  Results saved: results/tuning/SparseTSF_20260617_210016.json
  Best config saved: results/tuning/SparseTSF_best_20260617_210016.json
  [Hint] SparseTSF tuned params: ['period_len']
         Values: [('period_len', 12)]
         请手动将上述值更新到 configs/model_configs.py 中
         SparseTSF 块的 4 个 tier (low_dim / mid_dim / high_dim / multimodal)

============================================================
  调优完成 — 最优配置汇总
============================================================

  SparseTSF:
    seq_len: 96
    pred_len: 96
    learning_rate: 0.001
    batch_size: 64
    train_epochs: 30
    patience: 5
    period_len: 12

  请将以上最优配置更新到 configs/model_configs.py
  (已自动更新)
